
LambdaTest SmartUI CLI v3.0.10
[90mhttps://www.npmjs.com/package/@lambdatest/smartui-cli[39m
[90m[39m

LambdaTest SmartUI CLI v3.0.10
[90mhttps://www.npmjs.com/package/@lambdatest/smartui-cli[39m
[90m[39m

Refer docs: https://www.lambdatest.com/support/docs/smart-visual-regression-testing/

LambdaTest SmartUI CLI v3.0.10
[90mA new version 3.0.11 is available![39m
[90m[39m

Refer docs: https://www.lambdatest.com/support/docs/smart-visual-regression-testing/

LambdaTest SmartUI CLI v3.0.10
[90mA new version 3.0.11 is available![39m
[90m[39m

Refer docs: https://www.lambdatest.com/support/docs/smart-visual-regression-testing/

LambdaTest SmartUI CLI v3.0.10
[90mA new version 3.0.11 is available![39m
[90m[39m

LambdaTest SmartUI CLI v3.0.10
[90mA new version 3.0.11 is available![39m
[90m[39m

Refer docs: https://www.lambdatest.com/support/docs/smart-visual-regression-testing/

LambdaTest SmartUI CLI v3.0.10
[90mA new version 4.0.1 is available![39m
[90m[39m

Refer docs: https://www.lambdatest.com/support/docs/smart-visual-regression-testing/

LambdaTest SmartUI CLI v3.0.10
[90mA new version 4.0.5 is available![39m
[90m[39m

Refer docs: https://www.lambdatest.com/support/docs/smart-visual-regression-testing/

LambdaTest SmartUI CLI v3.0.10
[90mA new version 4.0.5 is available![39m
[90m[39m

Refer docs: https://www.lambdatest.com/support/docs/smart-visual-regression-testing/

LambdaTest SmartUI CLI v3.0.10
[90mA new version 4.0.5 is available![39m
[90m[39m

LambdaTest SmartUI CLI v3.0.10
[90mA new version 4.0.5 is available![39m
[90m[39m
